<?xml version="1.0" encoding="UTF-8"?>
<testng-results ignored="0" total="1" passed="1" failed="0" skipped="0">
  <reporter-output>
    <line>
      <![CDATA[CreateCustomer]]>
    </line>
  </reporter-output>
  <suite started-at="2020-07-28T11:44:23Z" name="Suite" finished-at="2020-07-28T11:44:23Z" duration-ms="53">
    <groups>
    </groups>
    <test started-at="2020-07-28T11:44:23Z" name="Test" finished-at="2020-07-28T11:44:23Z" duration-ms="53">
      <class name="com.elf.testscripts.CreateCustomer">
        <test-method signature="testCreateCustomer()[pri:0, instance:com.elf.testscripts.CreateCustomer@27ff5d15]" started-at="2020-07-28T11:44:23Z" name="testCreateCustomer" finished-at="2020-07-28T11:44:23Z" duration-ms="8" status="PASS">
          <reporter-output>
            <line>
              <![CDATA[CreateCustomer]]>
            </line>
          </reporter-output>
        </test-method> <!-- testCreateCustomer -->
      </class> <!-- com.elf.testscripts.CreateCustomer -->
    </test> <!-- Test -->
  </suite> <!-- Suite -->
</testng-results>
